The target system is: Linux -  - arm
The host system is: Linux - 5.4.0-100-generic - x86_64
Compiling the C compiler identification source file "CMakeCCompilerId.c" succeeded.
Compiler: /opt/st/stm32mp1/3.1-snapshot/sysroots/x86_64-ostl_sdk-linux/usr/bin/arm-ostl-linux-gnueabi/arm-ostl-linux-gnueabi-gcc 
Build flags: -mthumb;-mfpu=neon-vfpv4;-mfloat-abi=hard;-mcpu=cortex-a7
Id flags: -c 

The output was:
0


Compilation of the C compiler identification source "CMakeCCompilerId.c" produced "CMakeCCompilerId.o"

The C compiler identification is GNU, found in "/home/alientek/ZAT/Applications/33_mqtt/build/CMakeFiles/3.16.2/CompilerIdC/CMakeCCompilerId.o"

Compiling the CXX compiler identification source file "CMakeCXXCompilerId.cpp" succeeded.
Compiler: /opt/st/stm32mp1/3.1-snapshot/sysroots/x86_64-ostl_sdk-linux/usr/bin/arm-ostl-linux-gnueabi/arm-ostl-linux-gnueabi-g++ 
Build flags: 
Id flags: -c 

The output was:
0


Compilation of the CXX compiler identification source "CMakeCXXCompilerId.cpp" produced "CMakeCXXCompilerId.o"

The CXX compiler identification is GNU, found in "/home/alientek/ZAT/Applications/33_mqtt/build/CMakeFiles/3.16.2/CompilerIdCXX/CMakeCXXCompilerId.o"

Determining if the C compiler works passed with the following output:
Change Dir: /home/alientek/ZAT/Applications/33_mqtt/build/CMakeFiles/CMakeTmp

Run Build Command(s):/usr/bin/make cmTC_f152b/fast && /usr/bin/make -f CMakeFiles/cmTC_f152b.dir/build.make CMakeFiles/cmTC_f152b.dir/build
make[1]: Entering directory '/home/alientek/ZAT/Applications/33_mqtt/build/CMakeFiles/CMakeTmp'
Building C object CMakeFiles/cmTC_f152b.dir/testCCompiler.c.o
/opt/st/stm32mp1/3.1-snapshot/sysroots/x86_64-ostl_sdk-linux/usr/bin/arm-ostl-linux-gnueabi/arm-ostl-linux-gnueabi-gcc --sysroot=/opt/st/stm32mp1/3.1-snapshot/sysroots/cortexa7t2hf-neon-vfpv4-ostl-linux-gnueabi   -mthumb -mfpu=neon-vfpv4 -mfloat-abi=hard -mcpu=cortex-a7    -o CMakeFiles/cmTC_f152b.dir/testCCompiler.c.o   -c /home/alientek/ZAT/Applications/33_mqtt/build/CMakeFiles/CMakeTmp/testCCompiler.c
Linking C executable cmTC_f152b
/home/alientek/tools/cmake-3.16.2/bin/cmake -E cmake_link_script CMakeFiles/cmTC_f152b.dir/link.txt --verbose=1
/opt/st/stm32mp1/3.1-snapshot/sysroots/x86_64-ostl_sdk-linux/usr/bin/arm-ostl-linux-gnueabi/arm-ostl-linux-gnueabi-gcc --sysroot=/opt/st/stm32mp1/3.1-snapshot/sysroots/cortexa7t2hf-neon-vfpv4-ostl-linux-gnueabi -mthumb -mfpu=neon-vfpv4 -mfloat-abi=hard -mcpu=cortex-a7     -rdynamic CMakeFiles/cmTC_f152b.dir/testCCompiler.c.o  -o cmTC_f152b 
make[1]: Leaving directory '/home/alientek/ZAT/Applications/33_mqtt/build/CMakeFiles/CMakeTmp'



Detecting C compiler ABI info compiled with the following output:
Change Dir: /home/alientek/ZAT/Applications/33_mqtt/build/CMakeFiles/CMakeTmp

Run Build Command(s):/usr/bin/make cmTC_962ec/fast && /usr/bin/make -f CMakeFiles/cmTC_962ec.dir/build.make CMakeFiles/cmTC_962ec.dir/build
make[1]: Entering directory '/home/alientek/ZAT/Applications/33_mqtt/build/CMakeFiles/CMakeTmp'
Building C object CMakeFiles/cmTC_962ec.dir/CMakeCCompilerABI.c.o
/opt/st/stm32mp1/3.1-snapshot/sysroots/x86_64-ostl_sdk-linux/usr/bin/arm-ostl-linux-gnueabi/arm-ostl-linux-gnueabi-gcc --sysroot=/opt/st/stm32mp1/3.1-snapshot/sysroots/cortexa7t2hf-neon-vfpv4-ostl-linux-gnueabi   -mthumb -mfpu=neon-vfpv4 -mfloat-abi=hard -mcpu=cortex-a7    -v -o CMakeFiles/cmTC_962ec.dir/CMakeCCompilerABI.c.o   -c /home/alientek/tools/cmake-3.16.2/Modules/CMakeCCompilerABI.c
Using built-in specs.
COLLECT_GCC=/opt/st/stm32mp1/3.1-snapshot/sysroots/x86_64-ostl_sdk-linux/usr/bin/arm-ostl-linux-gnueabi/arm-ostl-linux-gnueabi-gcc
Target: arm-ostl-linux-gnueabi
Configured with: ../../../../../../work-shared/gcc-9.3.0-r0/gcc-9.3.0/configure --build=x86_64-linux --host=x86_64-ostl_sdk-linux --target=arm-ostl-linux-gnueabi --prefix=/opt/st/stm32mp1/3.1-snapshot/sysroots/x86_64-ostl_sdk-linux/usr --exec_prefix=/opt/st/stm32mp1/3.1-snapshot/sysroots/x86_64-ostl_sdk-linux/usr --bindir=/opt/st/stm32mp1/3.1-snapshot/sysroots/x86_64-ostl_sdk-linux/usr/bin/arm-ostl-linux-gnueabi --sbindir=/opt/st/stm32mp1/3.1-snapshot/sysroots/x86_64-ostl_sdk-linux/usr/bin/arm-ostl-linux-gnueabi --libexecdir=/opt/st/stm32mp1/3.1-snapshot/sysroots/x86_64-ostl_sdk-linux/usr/libexec/arm-ostl-linux-gnueabi --datadir=/opt/st/stm32mp1/3.1-snapshot/sysroots/x86_64-ostl_sdk-linux/usr/share --sysconfdir=/opt/st/stm32mp1/3.1-snapshot/sysroots/x86_64-ostl_sdk-linux/etc --sharedstatedir=/opt/st/stm32mp1/3.1-snapshot/sysroots/x86_64-ostl_sdk-linux/com --localstatedir=/opt/st/stm32mp1/3.1-snapshot/sysroots/x86_64-ostl_sdk-linux/var --libdir=/opt/st/stm32mp1/3.1-snapshot/sysroots/x86_64-ostl_sdk-linux/usr/lib/arm-ostl-linux-gnueabi --includedir=/opt/st/stm32mp1/3.1-snapshot/sysroots/x86_64-ostl_sdk-linux/usr/include --oldincludedir=/opt/st/stm32mp1/3.1-snapshot/sysroots/x86_64-ostl_sdk-linux/usr/include --infodir=/opt/st/stm32mp1/3.1-snapshot/sysroots/x86_64-ostl_sdk-linux/usr/share/info --mandir=/opt/st/stm32mp1/3.1-snapshot/sysroots/x86_64-ostl_sdk-linux/usr/share/man --disable-silent-rules --disable-dependency-tracking --with-libtool-sysroot=/home/alientek/alientek/build-openstlinux-weston-stm32mp1-Qt5.12.9/tmp-glibc/work/x86_64-nativesdk-ostl_sdk-linux/gcc-cross-canadian-arm/9.3.0-r0/recipe-sysroot --with-gnu-ld --enable-shared --enable-languages=c,c++ --enable-threads=posix --enable-multilib --enable-c99 --enable-long-long --enable-symvers=gnu --enable-libstdcxx-pch --program-prefix=arm-ostl-linux-gnueabi- --without-local-prefix --disable-install-libiberty --enable-lto --disable-libssp --enable-libitm --disable-bootstrap --disable-libmudflap --with-system-zlib --with-linker-hash-style=gnu --enable-linker-build-id --with-ppl=no --with-cloog=no --enable-checking=release --enable-cheaders=c_global --without-isl --with-gxx-include-dir=/not/exist/usr/include/c++/9.3.0 --with-build-time-tools=/home/alientek/alientek/build-openstlinux-weston-stm32mp1-Qt5.12.9/tmp-glibc/work/x86_64-nativesdk-ostl_sdk-linux/gcc-cross-canadian-arm/9.3.0-r0/recipe-sysroot-native/usr/arm-ostl-linux-gnueabi/bin --with-sysroot=/not/exist --with-build-sysroot=/home/alientek/alientek/build-openstlinux-weston-stm32mp1-Qt5.12.9/tmp-glibc/work/x86_64-nativesdk-ostl_sdk-linux/gcc-cross-canadian-arm/9.3.0-r0/recipe-sysroot --enable-poison-system-directories --disable-static --enable-nls --with-glibc-version=2.28 --enable-initfini-array
Thread model: posix
gcc version 9.3.0 (GCC) 
COLLECT_GCC_OPTIONS='--sysroot=/opt/st/stm32mp1/3.1-snapshot/sysroots/cortexa7t2hf-neon-vfpv4-ostl-linux-gnueabi' '-mthumb' '-mfpu=neon-vfpv4' '-mfloat-abi=hard' '-mcpu=cortex-a7' '-v' '-o' 'CMakeFiles/cmTC_962ec.dir/CMakeCCompilerABI.c.o' '-c' '-mtls-dialect=gnu' '-march=armv7ve+simd'
 /opt/st/stm32mp1/3.1-snapshot/sysroots/x86_64-ostl_sdk-linux/usr/libexec/arm-ostl-linux-gnueabi/gcc/arm-ostl-linux-gnueabi/9.3.0/cc1 -quiet -v -isysroot /opt/st/stm32mp1/3.1-snapshot/sysroots/cortexa7t2hf-neon-vfpv4-ostl-linux-gnueabi /home/alientek/tools/cmake-3.16.2/Modules/CMakeCCompilerABI.c -quiet -dumpbase CMakeCCompilerABI.c -mthumb -mfpu=neon-vfpv4 -mfloat-abi=hard -mcpu=cortex-a7 -mtls-dialect=gnu -march=armv7ve+simd -auxbase-strip CMakeFiles/cmTC_962ec.dir/CMakeCCompilerABI.c.o -version -o /tmp/ccRdq1H8.s
GNU C17 (GCC) version 9.3.0 (arm-ostl-linux-gnueabi)
	compiled by GNU C version 9.3.0, GMP version 6.2.0, MPFR version 4.0.2, MPC version 1.1.0, isl version none
GGC heuristics: --param ggc-min-expand=100 --param ggc-min-heapsize=131072
ignoring nonexistent directory "/opt/st/stm32mp1/3.1-snapshot/sysroots/cortexa7t2hf-neon-vfpv4-ostl-linux-gnueabi/usr/local/include"
ignoring nonexistent directory "/opt/st/stm32mp1/3.1-snapshot/sysroots/x86_64-ostl_sdk-linux/usr/lib/arm-ostl-linux-gnueabi/gcc/arm-ostl-linux-gnueabi/9.3.0/../../../../../arm-ostl-linux-gnueabi/include"
#include "..." search starts here:
#include <...> search starts here:
 /opt/st/stm32mp1/3.1-snapshot/sysroots/x86_64-ostl_sdk-linux/usr/lib/arm-ostl-linux-gnueabi/gcc/arm-ostl-linux-gnueabi/9.3.0/include
 /opt/st/stm32mp1/3.1-snapshot/sysroots/cortexa7t2hf-neon-vfpv4-ostl-linux-gnueabi/usr/lib/arm-ostl-linux-gnueabi/9.3.0/include
 /opt/st/stm32mp1/3.1-snapshot/sysroots/x86_64-ostl_sdk-linux/usr/lib/arm-ostl-linux-gnueabi/gcc/arm-ostl-linux-gnueabi/9.3.0/include-fixed
 /opt/st/stm32mp1/3.1-snapshot/sysroots/cortexa7t2hf-neon-vfpv4-ostl-linux-gnueabi/usr/include/
End of search list.
GNU C17 (GCC) version 9.3.0 (arm-ostl-linux-gnueabi)
	compiled by GNU C version 9.3.0, GMP version 6.2.0, MPFR version 4.0.2, MPC version 1.1.0, isl version none
GGC heuristics: --param ggc-min-expand=100 --param ggc-min-heapsize=131072
Compiler executable checksum: 9e40c7aaaa6d20fdc9fe27f97cab8e2c
COLLECT_GCC_OPTIONS='--sysroot=/opt/st/stm32mp1/3.1-snapshot/sysroots/cortexa7t2hf-neon-vfpv4-ostl-linux-gnueabi' '-mthumb' '-mfpu=neon-vfpv4' '-mfloat-abi=hard' '-mcpu=cortex-a7' '-v' '-o' 'CMakeFiles/cmTC_962ec.dir/CMakeCCompilerABI.c.o' '-c' '-mtls-dialect=gnu' '-march=armv7ve+simd'
 /opt/st/stm32mp1/3.1-snapshot/sysroots/x86_64-ostl_sdk-linux/usr/libexec/arm-ostl-linux-gnueabi/gcc/arm-ostl-linux-gnueabi/9.3.0/as -v -march=armv7ve -mfloat-abi=hard -mfpu=neon-vfpv4 -meabi=5 -o CMakeFiles/cmTC_962ec.dir/CMakeCCompilerABI.c.o /tmp/ccRdq1H8.s
GNU assembler version 2.34.0 (arm-ostl-linux-gnueabi) using BFD version (GNU Binutils) 2.34.0.20200220
COMPILER_PATH=/opt/st/stm32mp1/3.1-snapshot/sysroots/x86_64-ostl_sdk-linux/usr/libexec/arm-ostl-linux-gnueabi/gcc/arm-ostl-linux-gnueabi/9.3.0/:/opt/st/stm32mp1/3.1-snapshot/sysroots/x86_64-ostl_sdk-linux/usr/libexec/arm-ostl-linux-gnueabi/gcc/arm-ostl-linux-gnueabi/9.3.0/:/opt/st/stm32mp1/3.1-snapshot/sysroots/x86_64-ostl_sdk-linux/usr/libexec/arm-ostl-linux-gnueabi/gcc/arm-ostl-linux-gnueabi/:/opt/st/stm32mp1/3.1-snapshot/sysroots/x86_64-ostl_sdk-linux/usr/lib/arm-ostl-linux-gnueabi/gcc/arm-ostl-linux-gnueabi/9.3.0/:/opt/st/stm32mp1/3.1-snapshot/sysroots/x86_64-ostl_sdk-linux/usr/lib/arm-ostl-linux-gnueabi/gcc/arm-ostl-linux-gnueabi/
LIBRARY_PATH=/opt/st/stm32mp1/3.1-snapshot/sysroots/x86_64-ostl_sdk-linux/usr/lib/arm-ostl-linux-gnueabi/gcc/arm-ostl-linux-gnueabi/9.3.0/:/opt/st/stm32mp1/3.1-snapshot/sysroots/cortexa7t2hf-neon-vfpv4-ostl-linux-gnueabi/lib/:/opt/st/stm32mp1/3.1-snapshot/sysroots/cortexa7t2hf-neon-vfpv4-ostl-linux-gnueabi/usr/lib/arm-ostl-linux-gnueabi/9.3.0/:/opt/st/stm32mp1/3.1-snapshot/sysroots/cortexa7t2hf-neon-vfpv4-ostl-linux-gnueabi/usr/lib/
COLLECT_GCC_OPTIONS='--sysroot=/opt/st/stm32mp1/3.1-snapshot/sysroots/cortexa7t2hf-neon-vfpv4-ostl-linux-gnueabi' '-mthumb' '-mfpu=neon-vfpv4' '-mfloat-abi=hard' '-mcpu=cortex-a7' '-v' '-o' 'CMakeFiles/cmTC_962ec.dir/CMakeCCompilerABI.c.o' '-c' '-mtls-dialect=gnu' '-march=armv7ve+simd'
Linking C executable cmTC_962ec
/home/alientek/tools/cmake-3.16.2/bin/cmake -E cmake_link_script CMakeFiles/cmTC_962ec.dir/link.txt --verbose=1
/opt/st/stm32mp1/3.1-snapshot/sysroots/x86_64-ostl_sdk-linux/usr/bin/arm-ostl-linux-gnueabi/arm-ostl-linux-gnueabi-gcc --sysroot=/opt/st/stm32mp1/3.1-snapshot/sysroots/cortexa7t2hf-neon-vfpv4-ostl-linux-gnueabi -mthumb -mfpu=neon-vfpv4 -mfloat-abi=hard -mcpu=cortex-a7    -v -rdynamic CMakeFiles/cmTC_962ec.dir/CMakeCCompilerABI.c.o  -o cmTC_962ec 
Using built-in specs.
COLLECT_GCC=/opt/st/stm32mp1/3.1-snapshot/sysroots/x86_64-ostl_sdk-linux/usr/bin/arm-ostl-linux-gnueabi/arm-ostl-linux-gnueabi-gcc
COLLECT_LTO_WRAPPER=/opt/st/stm32mp1/3.1-snapshot/sysroots/x86_64-ostl_sdk-linux/usr/libexec/arm-ostl-linux-gnueabi/gcc/arm-ostl-linux-gnueabi/9.3.0/lto-wrapper
Target: arm-ostl-linux-gnueabi
Configured with: ../../../../../../work-shared/gcc-9.3.0-r0/gcc-9.3.0/configure --build=x86_64-linux --host=x86_64-ostl_sdk-linux --target=arm-ostl-linux-gnueabi --prefix=/opt/st/stm32mp1/3.1-snapshot/sysroots/x86_64-ostl_sdk-linux/usr --exec_prefix=/opt/st/stm32mp1/3.1-snapshot/sysroots/x86_64-ostl_sdk-linux/usr --bindir=/opt/st/stm32mp1/3.1-snapshot/sysroots/x86_64-ostl_sdk-linux/usr/bin/arm-ostl-linux-gnueabi --sbindir=/opt/st/stm32mp1/3.1-snapshot/sysroots/x86_64-ostl_sdk-linux/usr/bin/arm-ostl-linux-gnueabi --libexecdir=/opt/st/stm32mp1/3.1-snapshot/sysroots/x86_64-ostl_sdk-linux/usr/libexec/arm-ostl-linux-gnueabi --datadir=/opt/st/stm32mp1/3.1-snapshot/sysroots/x86_64-ostl_sdk-linux/usr/share --sysconfdir=/opt/st/stm32mp1/3.1-snapshot/sysroots/x86_64-ostl_sdk-linux/etc --sharedstatedir=/opt/st/stm32mp1/3.1-snapshot/sysroots/x86_64-ostl_sdk-linux/com --localstatedir=/opt/st/stm32mp1/3.1-snapshot/sysroots/x86_64-ostl_sdk-linux/var --libdir=/opt/st/stm32mp1/3.1-snapshot/sysroots/x86_64-ostl_sdk-linux/usr/lib/arm-ostl-linux-gnueabi --includedir=/opt/st/stm32mp1/3.1-snapshot/sysroots/x86_64-ostl_sdk-linux/usr/include --oldincludedir=/opt/st/stm32mp1/3.1-snapshot/sysroots/x86_64-ostl_sdk-linux/usr/include --infodir=/opt/st/stm32mp1/3.1-snapshot/sysroots/x86_64-ostl_sdk-linux/usr/share/info --mandir=/opt/st/stm32mp1/3.1-snapshot/sysroots/x86_64-ostl_sdk-linux/usr/share/man --disable-silent-rules --disable-dependency-tracking --with-libtool-sysroot=/home/alientek/alientek/build-openstlinux-weston-stm32mp1-Qt5.12.9/tmp-glibc/work/x86_64-nativesdk-ostl_sdk-linux/gcc-cross-canadian-arm/9.3.0-r0/recipe-sysroot --with-gnu-ld --enable-shared --enable-languages=c,c++ --enable-threads=posix --enable-multilib --enable-c99 --enable-long-long --enable-symvers=gnu --enable-libstdcxx-pch --program-prefix=arm-ostl-linux-gnueabi- --without-local-prefix --disable-install-libiberty --enable-lto --disable-libssp --enable-libitm --disable-bootstrap --disable-libmudflap --with-system-zlib --with-linker-hash-style=gnu --enable-linker-build-id --with-ppl=no --with-cloog=no --enable-checking=release --enable-cheaders=c_global --without-isl --with-gxx-include-dir=/not/exist/usr/include/c++/9.3.0 --with-build-time-tools=/home/alientek/alientek/build-openstlinux-weston-stm32mp1-Qt5.12.9/tmp-glibc/work/x86_64-nativesdk-ostl_sdk-linux/gcc-cross-canadian-arm/9.3.0-r0/recipe-sysroot-native/usr/arm-ostl-linux-gnueabi/bin --with-sysroot=/not/exist --with-build-sysroot=/home/alientek/alientek/build-openstlinux-weston-stm32mp1-Qt5.12.9/tmp-glibc/work/x86_64-nativesdk-ostl_sdk-linux/gcc-cross-canadian-arm/9.3.0-r0/recipe-sysroot --enable-poison-system-directories --disable-static --enable-nls --with-glibc-version=2.28 --enable-initfini-array
Thread model: posix
gcc version 9.3.0 (GCC) 
COMPILER_PATH=/opt/st/stm32mp1/3.1-snapshot/sysroots/x86_64-ostl_sdk-linux/usr/libexec/arm-ostl-linux-gnueabi/gcc/arm-ostl-linux-gnueabi/9.3.0/:/opt/st/stm32mp1/3.1-snapshot/sysroots/x86_64-ostl_sdk-linux/usr/libexec/arm-ostl-linux-gnueabi/gcc/arm-ostl-linux-gnueabi/9.3.0/:/opt/st/stm32mp1/3.1-snapshot/sysroots/x86_64-ostl_sdk-linux/usr/libexec/arm-ostl-linux-gnueabi/gcc/arm-ostl-linux-gnueabi/:/opt/st/stm32mp1/3.1-snapshot/sysroots/x86_64-ostl_sdk-linux/usr/lib/arm-ostl-linux-gnueabi/gcc/arm-ostl-linux-gnueabi/9.3.0/:/opt/st/stm32mp1/3.1-snapshot/sysroots/x86_64-ostl_sdk-linux/usr/lib/arm-ostl-linux-gnueabi/gcc/arm-ostl-linux-gnueabi/
LIBRARY_PATH=/opt/st/stm32mp1/3.1-snapshot/sysroots/x86_64-ostl_sdk-linux/usr/lib/arm-ostl-linux-gnueabi/gcc/arm-ostl-linux-gnueabi/9.3.0/:/opt/st/stm32mp1/3.1-snapshot/sysroots/cortexa7t2hf-neon-vfpv4-ostl-linux-gnueabi/lib/:/opt/st/stm32mp1/3.1-snapshot/sysroots/cortexa7t2hf-neon-vfpv4-ostl-linux-gnueabi/usr/lib/arm-ostl-linux-gnueabi/9.3.0/:/opt/st/stm32mp1/3.1-snapshot/sysroots/cortexa7t2hf-neon-vfpv4-ostl-linux-gnueabi/usr/lib/
COLLECT_GCC_OPTIONS='--sysroot=/opt/st/stm32mp1/3.1-snapshot/sysroots/cortexa7t2hf-neon-vfpv4-ostl-linux-gnueabi' '-mthumb' '-mfpu=neon-vfpv4' '-mfloat-abi=hard' '-mcpu=cortex-a7' '-v' '-rdynamic' '-o' 'cmTC_962ec' '-mtls-dialect=gnu' '-march=armv7ve+simd'
 /opt/st/stm32mp1/3.1-snapshot/sysroots/x86_64-ostl_sdk-linux/usr/libexec/arm-ostl-linux-gnueabi/gcc/arm-ostl-linux-gnueabi/9.3.0/collect2 -plugin /opt/st/stm32mp1/3.1-snapshot/sysroots/x86_64-ostl_sdk-linux/usr/libexec/arm-ostl-linux-gnueabi/gcc/arm-ostl-linux-gnueabi/9.3.0/liblto_plugin.so -plugin-opt=/opt/st/stm32mp1/3.1-snapshot/sysroots/x86_64-ostl_sdk-linux/usr/libexec/arm-ostl-linux-gnueabi/gcc/arm-ostl-linux-gnueabi/9.3.0/lto-wrapper -plugin-opt=-fresolution=/tmp/cc85ConA.res -plugin-opt=-pass-through=-lgcc -plugin-opt=-pass-through=-lgcc_s -plugin-opt=-pass-through=-lc -plugin-opt=-pass-through=-lgcc -plugin-opt=-pass-through=-lgcc_s --sysroot=/opt/st/stm32mp1/3.1-snapshot/sysroots/cortexa7t2hf-neon-vfpv4-ostl-linux-gnueabi --build-id --eh-frame-hdr --hash-style=gnu -export-dynamic -dynamic-linker /lib/ld-linux-armhf.so.3 -X -m armelf_linux_eabi -o cmTC_962ec /opt/st/stm32mp1/3.1-snapshot/sysroots/cortexa7t2hf-neon-vfpv4-ostl-linux-gnueabi/usr/lib/crt1.o /opt/st/stm32mp1/3.1-snapshot/sysroots/cortexa7t2hf-neon-vfpv4-ostl-linux-gnueabi/usr/lib/crti.o /opt/st/stm32mp1/3.1-snapshot/sysroots/cortexa7t2hf-neon-vfpv4-ostl-linux-gnueabi/usr/lib/arm-ostl-linux-gnueabi/9.3.0/crtbegin.o -L/opt/st/stm32mp1/3.1-snapshot/sysroots/x86_64-ostl_sdk-linux/usr/lib/arm-ostl-linux-gnueabi/gcc/arm-ostl-linux-gnueabi/9.3.0 -L/opt/st/stm32mp1/3.1-snapshot/sysroots/cortexa7t2hf-neon-vfpv4-ostl-linux-gnueabi/lib -L/opt/st/stm32mp1/3.1-snapshot/sysroots/cortexa7t2hf-neon-vfpv4-ostl-linux-gnueabi/usr/lib/arm-ostl-linux-gnueabi/9.3.0 -L/opt/st/stm32mp1/3.1-snapshot/sysroots/cortexa7t2hf-neon-vfpv4-ostl-linux-gnueabi/usr/lib CMakeFiles/cmTC_962ec.dir/CMakeCCompilerABI.c.o -lgcc --push-state --as-needed -lgcc_s --pop-state -lc -lgcc --push-state --as-needed -lgcc_s --pop-state /opt/st/stm32mp1/3.1-snapshot/sysroots/cortexa7t2hf-neon-vfpv4-ostl-linux-gnueabi/usr/lib/arm-ostl-linux-gnueabi/9.3.0/crtend.o /opt/st/stm32mp1/3.1-snapshot/sysroots/cortexa7t2hf-neon-vfpv4-ostl-linux-gnueabi/usr/lib/crtn.o
COLLECT_GCC_OPTIONS='--sysroot=/opt/st/stm32mp1/3.1-snapshot/sysroots/cortexa7t2hf-neon-vfpv4-ostl-linux-gnueabi' '-mthumb' '-mfpu=neon-vfpv4' '-mfloat-abi=hard' '-mcpu=cortex-a7' '-v' '-rdynamic' '-o' 'cmTC_962ec' '-mtls-dialect=gnu' '-march=armv7ve+simd'
make[1]: Leaving directory '/home/alientek/ZAT/Applications/33_mqtt/build/CMakeFiles/CMakeTmp'



Parsed C implicit include dir info from above output: rv=done
  found start of include info
  found start of implicit include info
    add: [/opt/st/stm32mp1/3.1-snapshot/sysroots/x86_64-ostl_sdk-linux/usr/lib/arm-ostl-linux-gnueabi/gcc/arm-ostl-linux-gnueabi/9.3.0/include]
    add: [/opt/st/stm32mp1/3.1-snapshot/sysroots/cortexa7t2hf-neon-vfpv4-ostl-linux-gnueabi/usr/lib/arm-ostl-linux-gnueabi/9.3.0/include]
    add: [/opt/st/stm32mp1/3.1-snapshot/sysroots/x86_64-ostl_sdk-linux/usr/lib/arm-ostl-linux-gnueabi/gcc/arm-ostl-linux-gnueabi/9.3.0/include-fixed]
    add: [/opt/st/stm32mp1/3.1-snapshot/sysroots/cortexa7t2hf-neon-vfpv4-ostl-linux-gnueabi/usr/include/]
  end of search list found
  collapse include dir [/opt/st/stm32mp1/3.1-snapshot/sysroots/x86_64-ostl_sdk-linux/usr/lib/arm-ostl-linux-gnueabi/gcc/arm-ostl-linux-gnueabi/9.3.0/include] ==> [/opt/st/stm32mp1/3.1-snapshot/sysroots/x86_64-ostl_sdk-linux/usr/lib/arm-ostl-linux-gnueabi/gcc/arm-ostl-linux-gnueabi/9.3.0/include]
  collapse include dir [/opt/st/stm32mp1/3.1-snapshot/sysroots/cortexa7t2hf-neon-vfpv4-ostl-linux-gnueabi/usr/lib/arm-ostl-linux-gnueabi/9.3.0/include] ==> [/opt/st/stm32mp1/3.1-snapshot/sysroots/cortexa7t2hf-neon-vfpv4-ostl-linux-gnueabi/usr/lib/arm-ostl-linux-gnueabi/9.3.0/include]
  collapse include dir [/opt/st/stm32mp1/3.1-snapshot/sysroots/x86_64-ostl_sdk-linux/usr/lib/arm-ostl-linux-gnueabi/gcc/arm-ostl-linux-gnueabi/9.3.0/include-fixed] ==> [/opt/st/stm32mp1/3.1-snapshot/sysroots/x86_64-ostl_sdk-linux/usr/lib/arm-ostl-linux-gnueabi/gcc/arm-ostl-linux-gnueabi/9.3.0/include-fixed]
  collapse include dir [/opt/st/stm32mp1/3.1-snapshot/sysroots/cortexa7t2hf-neon-vfpv4-ostl-linux-gnueabi/usr/include/] ==> [/opt/st/stm32mp1/3.1-snapshot/sysroots/cortexa7t2hf-neon-vfpv4-ostl-linux-gnueabi/usr/include]
  implicit include dirs: [/opt/st/stm32mp1/3.1-snapshot/sysroots/x86_64-ostl_sdk-linux/usr/lib/arm-ostl-linux-gnueabi/gcc/arm-ostl-linux-gnueabi/9.3.0/include;/opt/st/stm32mp1/3.1-snapshot/sysroots/cortexa7t2hf-neon-vfpv4-ostl-linux-gnueabi/usr/lib/arm-ostl-linux-gnueabi/9.3.0/include;/opt/st/stm32mp1/3.1-snapshot/sysroots/x86_64-ostl_sdk-linux/usr/lib/arm-ostl-linux-gnueabi/gcc/arm-ostl-linux-gnueabi/9.3.0/include-fixed;/opt/st/stm32mp1/3.1-snapshot/sysroots/cortexa7t2hf-neon-vfpv4-ostl-linux-gnueabi/usr/include]


Parsed C implicit link information from above output:
  link line regex: [^( *|.*[/\])(arm-ostl-linux-gnueabi-ld|CMAKE_LINK_STARTFILE-NOTFOUND|([^/\]+-)?ld|collect2)[^/\]*( |$)]
  ignore line: [Change Dir: /home/alientek/ZAT/Applications/33_mqtt/build/CMakeFiles/CMakeTmp]
  ignore line: []
  ignore line: [Run Build Command(s):/usr/bin/make cmTC_962ec/fast && /usr/bin/make -f CMakeFiles/cmTC_962ec.dir/build.make CMakeFiles/cmTC_962ec.dir/build]
  ignore line: [make[1]: Entering directory '/home/alientek/ZAT/Applications/33_mqtt/build/CMakeFiles/CMakeTmp']
  ignore line: [Building C object CMakeFiles/cmTC_962ec.dir/CMakeCCompilerABI.c.o]
  ignore line: [/opt/st/stm32mp1/3.1-snapshot/sysroots/x86_64-ostl_sdk-linux/usr/bin/arm-ostl-linux-gnueabi/arm-ostl-linux-gnueabi-gcc --sysroot=/opt/st/stm32mp1/3.1-snapshot/sysroots/cortexa7t2hf-neon-vfpv4-ostl-linux-gnueabi   -mthumb -mfpu=neon-vfpv4 -mfloat-abi=hard -mcpu=cortex-a7    -v -o CMakeFiles/cmTC_962ec.dir/CMakeCCompilerABI.c.o   -c /home/alientek/tools/cmake-3.16.2/Modules/CMakeCCompilerABI.c]
  ignore line: [Using built-in specs.]
  ignore line: [COLLECT_GCC=/opt/st/stm32mp1/3.1-snapshot/sysroots/x86_64-ostl_sdk-linux/usr/bin/arm-ostl-linux-gnueabi/arm-ostl-linux-gnueabi-gcc]
  ignore line: [Target: arm-ostl-linux-gnueabi]
  ignore line: [Configured with: ../../../../../../work-shared/gcc-9.3.0-r0/gcc-9.3.0/configure --build=x86_64-linux --host=x86_64-ostl_sdk-linux --target=arm-ostl-linux-gnueabi --prefix=/opt/st/stm32mp1/3.1-snapshot/sysroots/x86_64-ostl_sdk-linux/usr --exec_prefix=/opt/st/stm32mp1/3.1-snapshot/sysroots/x86_64-ostl_sdk-linux/usr --bindir=/opt/st/stm32mp1/3.1-snapshot/sysroots/x86_64-ostl_sdk-linux/usr/bin/arm-ostl-linux-gnueabi --sbindir=/opt/st/stm32mp1/3.1-snapshot/sysroots/x86_64-ostl_sdk-linux/usr/bin/arm-ostl-linux-gnueabi --libexecdir=/opt/st/stm32mp1/3.1-snapshot/sysroots/x86_64-ostl_sdk-linux/usr/libexec/arm-ostl-linux-gnueabi --datadir=/opt/st/stm32mp1/3.1-snapshot/sysroots/x86_64-ostl_sdk-linux/usr/share --sysconfdir=/opt/st/stm32mp1/3.1-snapshot/sysroots/x86_64-ostl_sdk-linux/etc --sharedstatedir=/opt/st/stm32mp1/3.1-snapshot/sysroots/x86_64-ostl_sdk-linux/com --localstatedir=/opt/st/stm32mp1/3.1-snapshot/sysroots/x86_64-ostl_sdk-linux/var --libdir=/opt/st/stm32mp1/3.1-snapshot/sysroots/x86_64-ostl_sdk-linux/usr/lib/arm-ostl-linux-gnueabi --includedir=/opt/st/stm32mp1/3.1-snapshot/sysroots/x86_64-ostl_sdk-linux/usr/include --oldincludedir=/opt/st/stm32mp1/3.1-snapshot/sysroots/x86_64-ostl_sdk-linux/usr/include --infodir=/opt/st/stm32mp1/3.1-snapshot/sysroots/x86_64-ostl_sdk-linux/usr/share/info --mandir=/opt/st/stm32mp1/3.1-snapshot/sysroots/x86_64-ostl_sdk-linux/usr/share/man --disable-silent-rules --disable-dependency-tracking --with-libtool-sysroot=/home/alientek/alientek/build-openstlinux-weston-stm32mp1-Qt5.12.9/tmp-glibc/work/x86_64-nativesdk-ostl_sdk-linux/gcc-cross-canadian-arm/9.3.0-r0/recipe-sysroot --with-gnu-ld --enable-shared --enable-languages=c,c++ --enable-threads=posix --enable-multilib --enable-c99 --enable-long-long --enable-symvers=gnu --enable-libstdcxx-pch --program-prefix=arm-ostl-linux-gnueabi- --without-local-prefix --disable-install-libiberty --enable-lto --disable-libssp --enable-libitm --disable-bootstrap --disable-libmudflap --with-system-zlib --with-linker-hash-style=gnu --enable-linker-build-id --with-ppl=no --with-cloog=no --enable-checking=release --enable-cheaders=c_global --without-isl --with-gxx-include-dir=/not/exist/usr/include/c++/9.3.0 --with-build-time-tools=/home/alientek/alientek/build-openstlinux-weston-stm32mp1-Qt5.12.9/tmp-glibc/work/x86_64-nativesdk-ostl_sdk-linux/gcc-cross-canadian-arm/9.3.0-r0/recipe-sysroot-native/usr/arm-ostl-linux-gnueabi/bin --with-sysroot=/not/exist --with-build-sysroot=/home/alientek/alientek/build-openstlinux-weston-stm32mp1-Qt5.12.9/tmp-glibc/work/x86_64-nativesdk-ostl_sdk-linux/gcc-cross-canadian-arm/9.3.0-r0/recipe-sysroot --enable-poison-system-directories --disable-static --enable-nls --with-glibc-version=2.28 --enable-initfini-array]
  ignore line: [Thread model: posix]
  ignore line: [gcc version 9.3.0 (GCC) ]
  ignore line: [COLLECT_GCC_OPTIONS='--sysroot=/opt/st/stm32mp1/3.1-snapshot/sysroots/cortexa7t2hf-neon-vfpv4-ostl-linux-gnueabi' '-mthumb' '-mfpu=neon-vfpv4' '-mfloat-abi=hard' '-mcpu=cortex-a7' '-v' '-o' 'CMakeFiles/cmTC_962ec.dir/CMakeCCompilerABI.c.o' '-c' '-mtls-dialect=gnu' '-march=armv7ve+simd']
  ignore line: [ /opt/st/stm32mp1/3.1-snapshot/sysroots/x86_64-ostl_sdk-linux/usr/libexec/arm-ostl-linux-gnueabi/gcc/arm-ostl-linux-gnueabi/9.3.0/cc1 -quiet -v -isysroot /opt/st/stm32mp1/3.1-snapshot/sysroots/cortexa7t2hf-neon-vfpv4-ostl-linux-gnueabi /home/alientek/tools/cmake-3.16.2/Modules/CMakeCCompilerABI.c -quiet -dumpbase CMakeCCompilerABI.c -mthumb -mfpu=neon-vfpv4 -mfloat-abi=hard -mcpu=cortex-a7 -mtls-dialect=gnu -march=armv7ve+simd -auxbase-strip CMakeFiles/cmTC_962ec.dir/CMakeCCompilerABI.c.o -version -o /tmp/ccRdq1H8.s]
  ignore line: [GNU C17 (GCC) version 9.3.0 (arm-ostl-linux-gnueabi)]
  ignore line: [	compiled by GNU C version 9.3.0  GMP version 6.2.0  MPFR version 4.0.2  MPC version 1.1.0  isl version none]
  ignore line: [GGC heuristics: --param ggc-min-expand=100 --param ggc-min-heapsize=131072]
  ignore line: [ignoring nonexistent directory "/opt/st/stm32mp1/3.1-snapshot/sysroots/cortexa7t2hf-neon-vfpv4-ostl-linux-gnueabi/usr/local/include"]
  ignore line: [ignoring nonexistent directory "/opt/st/stm32mp1/3.1-snapshot/sysroots/x86_64-ostl_sdk-linux/usr/lib/arm-ostl-linux-gnueabi/gcc/arm-ostl-linux-gnueabi/9.3.0/../../../../../arm-ostl-linux-gnueabi/include"]
  ignore line: [#include "..." search starts here:]
  ignore line: [#include <...> search starts here:]
  ignore line: [ /opt/st/stm32mp1/3.1-snapshot/sysroots/x86_64-ostl_sdk-linux/usr/lib/arm-ostl-linux-gnueabi/gcc/arm-ostl-linux-gnueabi/9.3.0/include]
  ignore line: [ /opt/st/stm32mp1/3.1-snapshot/sysroots/cortexa7t2hf-neon-vfpv4-ostl-linux-gnueabi/usr/lib/arm-ostl-linux-gnueabi/9.3.0/include]
  ignore line: [ /opt/st/stm32mp1/3.1-snapshot/sysroots/x86_64-ostl_sdk-linux/usr/lib/arm-ostl-linux-gnueabi/gcc/arm-ostl-linux-gnueabi/9.3.0/include-fixed]
  ignore line: [ /opt/st/stm32mp1/3.1-snapshot/sysroots/cortexa7t2hf-neon-vfpv4-ostl-linux-gnueabi/usr/include/]
  ignore line: [End of search list.]
  ignore line: [GNU C17 (GCC) version 9.3.0 (arm-ostl-linux-gnueabi)]
  ignore line: [	compiled by GNU C version 9.3.0  GMP version 6.2.0  MPFR version 4.0.2  MPC version 1.1.0  isl version none]
  ignore line: [GGC heuristics: --param ggc-min-expand=100 --param ggc-min-heapsize=131072]
  ignore line: [Compiler executable checksum: 9e40c7aaaa6d20fdc9fe27f97cab8e2c]
  ignore line: [COLLECT_GCC_OPTIONS='--sysroot=/opt/st/stm32mp1/3.1-snapshot/sysroots/cortexa7t2hf-neon-vfpv4-ostl-linux-gnueabi' '-mthumb' '-mfpu=neon-vfpv4' '-mfloat-abi=hard' '-mcpu=cortex-a7' '-v' '-o' 'CMakeFiles/cmTC_962ec.dir/CMakeCCompilerABI.c.o' '-c' '-mtls-dialect=gnu' '-march=armv7ve+simd']
  ignore line: [ /opt/st/stm32mp1/3.1-snapshot/sysroots/x86_64-ostl_sdk-linux/usr/libexec/arm-ostl-linux-gnueabi/gcc/arm-ostl-linux-gnueabi/9.3.0/as -v -march=armv7ve -mfloat-abi=hard -mfpu=neon-vfpv4 -meabi=5 -o CMakeFiles/cmTC_962ec.dir/CMakeCCompilerABI.c.o /tmp/ccRdq1H8.s]
  ignore line: [GNU assembler version 2.34.0 (arm-ostl-linux-gnueabi) using BFD version (GNU Binutils) 2.34.0.20200220]
  ignore line: [COMPILER_PATH=/opt/st/stm32mp1/3.1-snapshot/sysroots/x86_64-ostl_sdk-linux/usr/libexec/arm-ostl-linux-gnueabi/gcc/arm-ostl-linux-gnueabi/9.3.0/:/opt/st/stm32mp1/3.1-snapshot/sysroots/x86_64-ostl_sdk-linux/usr/libexec/arm-ostl-linux-gnueabi/gcc/arm-ostl-linux-gnueabi/9.3.0/:/opt/st/stm32mp1/3.1-snapshot/sysroots/x86_64-ostl_sdk-linux/usr/libexec/arm-ostl-linux-gnueabi/gcc/arm-ostl-linux-gnueabi/:/opt/st/stm32mp1/3.1-snapshot/sysroots/x86_64-ostl_sdk-linux/usr/lib/arm-ostl-linux-gnueabi/gcc/arm-ostl-linux-gnueabi/9.3.0/:/opt/st/stm32mp1/3.1-snapshot/sysroots/x86_64-ostl_sdk-linux/usr/lib/arm-ostl-linux-gnueabi/gcc/arm-ostl-linux-gnueabi/]
  ignore line: [LIBRARY_PATH=/opt/st/stm32mp1/3.1-snapshot/sysroots/x86_64-ostl_sdk-linux/usr/lib/arm-ostl-linux-gnueabi/gcc/arm-ostl-linux-gnueabi/9.3.0/:/opt/st/stm32mp1/3.1-snapshot/sysroots/cortexa7t2hf-neon-vfpv4-ostl-linux-gnueabi/lib/:/opt/st/stm32mp1/3.1-snapshot/sysroots/cortexa7t2hf-neon-vfpv4-ostl-linux-gnueabi/usr/lib/arm-ostl-linux-gnueabi/9.3.0/:/opt/st/stm32mp1/3.1-snapshot/sysroots/cortexa7t2hf-neon-vfpv4-ostl-linux-gnueabi/usr/lib/]
  ignore line: [COLLECT_GCC_OPTIONS='--sysroot=/opt/st/stm32mp1/3.1-snapshot/sysroots/cortexa7t2hf-neon-vfpv4-ostl-linux-gnueabi' '-mthumb' '-mfpu=neon-vfpv4' '-mfloat-abi=hard' '-mcpu=cortex-a7' '-v' '-o' 'CMakeFiles/cmTC_962ec.dir/CMakeCCompilerABI.c.o' '-c' '-mtls-dialect=gnu' '-march=armv7ve+simd']
  ignore line: [Linking C executable cmTC_962ec]
  ignore line: [/home/alientek/tools/cmake-3.16.2/bin/cmake -E cmake_link_script CMakeFiles/cmTC_962ec.dir/link.txt --verbose=1]
  ignore line: [/opt/st/stm32mp1/3.1-snapshot/sysroots/x86_64-ostl_sdk-linux/usr/bin/arm-ostl-linux-gnueabi/arm-ostl-linux-gnueabi-gcc --sysroot=/opt/st/stm32mp1/3.1-snapshot/sysroots/cortexa7t2hf-neon-vfpv4-ostl-linux-gnueabi -mthumb -mfpu=neon-vfpv4 -mfloat-abi=hard -mcpu=cortex-a7    -v -rdynamic CMakeFiles/cmTC_962ec.dir/CMakeCCompilerABI.c.o  -o cmTC_962ec ]
  ignore line: [Using built-in specs.]
  ignore line: [COLLECT_GCC=/opt/st/stm32mp1/3.1-snapshot/sysroots/x86_64-ostl_sdk-linux/usr/bin/arm-ostl-linux-gnueabi/arm-ostl-linux-gnueabi-gcc]
  ignore line: [COLLECT_LTO_WRAPPER=/opt/st/stm32mp1/3.1-snapshot/sysroots/x86_64-ostl_sdk-linux/usr/libexec/arm-ostl-linux-gnueabi/gcc/arm-ostl-linux-gnueabi/9.3.0/lto-wrapper]
  ignore line: [Target: arm-ostl-linux-gnueabi]
  ignore line: [Configured with: ../../../../../../work-shared/gcc-9.3.0-r0/gcc-9.3.0/configure --build=x86_64-linux --host=x86_64-ostl_sdk-linux --target=arm-ostl-linux-gnueabi --prefix=/opt/st/stm32mp1/3.1-snapshot/sysroots/x86_64-ostl_sdk-linux/usr --exec_prefix=/opt/st/stm32mp1/3.1-snapshot/sysroots/x86_64-ostl_sdk-linux/usr --bindir=/opt/st/stm32mp1/3.1-snapshot/sysroots/x86_64-ostl_sdk-linux/usr/bin/arm-ostl-linux-gnueabi --sbindir=/opt/st/stm32mp1/3.1-snapshot/sysroots/x86_64-ostl_sdk-linux/usr/bin/arm-ostl-linux-gnueabi --libexecdir=/opt/st/stm32mp1/3.1-snapshot/sysroots/x86_64-ostl_sdk-linux/usr/libexec/arm-ostl-linux-gnueabi --datadir=/opt/st/stm32mp1/3.1-snapshot/sysroots/x86_64-ostl_sdk-linux/usr/share --sysconfdir=/opt/st/stm32mp1/3.1-snapshot/sysroots/x86_64-ostl_sdk-linux/etc --sharedstatedir=/opt/st/stm32mp1/3.1-snapshot/sysroots/x86_64-ostl_sdk-linux/com --localstatedir=/opt/st/stm32mp1/3.1-snapshot/sysroots/x86_64-ostl_sdk-linux/var --libdir=/opt/st/stm32mp1/3.1-snapshot/sysroots/x86_64-ostl_sdk-linux/usr/lib/arm-ostl-linux-gnueabi --includedir=/opt/st/stm32mp1/3.1-snapshot/sysroots/x86_64-ostl_sdk-linux/usr/include --oldincludedir=/opt/st/stm32mp1/3.1-snapshot/sysroots/x86_64-ostl_sdk-linux/usr/include --infodir=/opt/st/stm32mp1/3.1-snapshot/sysroots/x86_64-ostl_sdk-linux/usr/share/info --mandir=/opt/st/stm32mp1/3.1-snapshot/sysroots/x86_64-ostl_sdk-linux/usr/share/man --disable-silent-rules --disable-dependency-tracking --with-libtool-sysroot=/home/alientek/alientek/build-openstlinux-weston-stm32mp1-Qt5.12.9/tmp-glibc/work/x86_64-nativesdk-ostl_sdk-linux/gcc-cross-canadian-arm/9.3.0-r0/recipe-sysroot --with-gnu-ld --enable-shared --enable-languages=c,c++ --enable-threads=posix --enable-multilib --enable-c99 --enable-long-long --enable-symvers=gnu --enable-libstdcxx-pch --program-prefix=arm-ostl-linux-gnueabi- --without-local-prefix --disable-install-libiberty --enable-lto --disable-libssp --enable-libitm --disable-bootstrap --disable-libmudflap --with-system-zlib --with-linker-hash-style=gnu --enable-linker-build-id --with-ppl=no --with-cloog=no --enable-checking=release --enable-cheaders=c_global --without-isl --with-gxx-include-dir=/not/exist/usr/include/c++/9.3.0 --with-build-time-tools=/home/alientek/alientek/build-openstlinux-weston-stm32mp1-Qt5.12.9/tmp-glibc/work/x86_64-nativesdk-ostl_sdk-linux/gcc-cross-canadian-arm/9.3.0-r0/recipe-sysroot-native/usr/arm-ostl-linux-gnueabi/bin --with-sysroot=/not/exist --with-build-sysroot=/home/alientek/alientek/build-openstlinux-weston-stm32mp1-Qt5.12.9/tmp-glibc/work/x86_64-nativesdk-ostl_sdk-linux/gcc-cross-canadian-arm/9.3.0-r0/recipe-sysroot --enable-poison-system-directories --disable-static --enable-nls --with-glibc-version=2.28 --enable-initfini-array]
  ignore line: [Thread model: posix]
  ignore line: [gcc version 9.3.0 (GCC) ]
  ignore line: [COMPILER_PATH=/opt/st/stm32mp1/3.1-snapshot/sysroots/x86_64-ostl_sdk-linux/usr/libexec/arm-ostl-linux-gnueabi/gcc/arm-ostl-linux-gnueabi/9.3.0/:/opt/st/stm32mp1/3.1-snapshot/sysroots/x86_64-ostl_sdk-linux/usr/libexec/arm-ostl-linux-gnueabi/gcc/arm-ostl-linux-gnueabi/9.3.0/:/opt/st/stm32mp1/3.1-snapshot/sysroots/x86_64-ostl_sdk-linux/usr/libexec/arm-ostl-linux-gnueabi/gcc/arm-ostl-linux-gnueabi/:/opt/st/stm32mp1/3.1-snapshot/sysroots/x86_64-ostl_sdk-linux/usr/lib/arm-ostl-linux-gnueabi/gcc/arm-ostl-linux-gnueabi/9.3.0/:/opt/st/stm32mp1/3.1-snapshot/sysroots/x86_64-ostl_sdk-linux/usr/lib/arm-ostl-linux-gnueabi/gcc/arm-ostl-linux-gnueabi/]
  ignore line: [LIBRARY_PATH=/opt/st/stm32mp1/3.1-snapshot/sysroots/x86_64-ostl_sdk-linux/usr/lib/arm-ostl-linux-gnueabi/gcc/arm-ostl-linux-gnueabi/9.3.0/:/opt/st/stm32mp1/3.1-snapshot/sysroots/cortexa7t2hf-neon-vfpv4-ostl-linux-gnueabi/lib/:/opt/st/stm32mp1/3.1-snapshot/sysroots/cortexa7t2hf-neon-vfpv4-ostl-linux-gnueabi/usr/lib/arm-ostl-linux-gnueabi/9.3.0/:/opt/st/stm32mp1/3.1-snapshot/sysroots/cortexa7t2hf-neon-vfpv4-ostl-linux-gnueabi/usr/lib/]
  ignore line: [COLLECT_GCC_OPTIONS='--sysroot=/opt/st/stm32mp1/3.1-snapshot/sysroots/cortexa7t2hf-neon-vfpv4-ostl-linux-gnueabi' '-mthumb' '-mfpu=neon-vfpv4' '-mfloat-abi=hard' '-mcpu=cortex-a7' '-v' '-rdynamic' '-o' 'cmTC_962ec' '-mtls-dialect=gnu' '-march=armv7ve+simd']
  link line: [ /opt/st/stm32mp1/3.1-snapshot/sysroots/x86_64-ostl_sdk-linux/usr/libexec/arm-ostl-linux-gnueabi/gcc/arm-ostl-linux-gnueabi/9.3.0/collect2 -plugin /opt/st/stm32mp1/3.1-snapshot/sysroots/x86_64-ostl_sdk-linux/usr/libexec/arm-ostl-linux-gnueabi/gcc/arm-ostl-linux-gnueabi/9.3.0/liblto_plugin.so -plugin-opt=/opt/st/stm32mp1/3.1-snapshot/sysroots/x86_64-ostl_sdk-linux/usr/libexec/arm-ostl-linux-gnueabi/gcc/arm-ostl-linux-gnueabi/9.3.0/lto-wrapper -plugin-opt=-fresolution=/tmp/cc85ConA.res -plugin-opt=-pass-through=-lgcc -plugin-opt=-pass-through=-lgcc_s -plugin-opt=-pass-through=-lc -plugin-opt=-pass-through=-lgcc -plugin-opt=-pass-through=-lgcc_s --sysroot=/opt/st/stm32mp1/3.1-snapshot/sysroots/cortexa7t2hf-neon-vfpv4-ostl-linux-gnueabi --build-id --eh-frame-hdr --hash-style=gnu -export-dynamic -dynamic-linker /lib/ld-linux-armhf.so.3 -X -m armelf_linux_eabi -o cmTC_962ec /opt/st/stm32mp1/3.1-snapshot/sysroots/cortexa7t2hf-neon-vfpv4-ostl-linux-gnueabi/usr/lib/crt1.o /opt/st/stm32mp1/3.1-snapshot/sysroots/cortexa7t2hf-neon-vfpv4-ostl-linux-gnueabi/usr/lib/crti.o /opt/st/stm32mp1/3.1-snapshot/sysroots/cortexa7t2hf-neon-vfpv4-ostl-linux-gnueabi/usr/lib/arm-ostl-linux-gnueabi/9.3.0/crtbegin.o -L/opt/st/stm32mp1/3.1-snapshot/sysroots/x86_64-ostl_sdk-linux/usr/lib/arm-ostl-linux-gnueabi/gcc/arm-ostl-linux-gnueabi/9.3.0 -L/opt/st/stm32mp1/3.1-snapshot/sysroots/cortexa7t2hf-neon-vfpv4-ostl-linux-gnueabi/lib -L/opt/st/stm32mp1/3.1-snapshot/sysroots/cortexa7t2hf-neon-vfpv4-ostl-linux-gnueabi/usr/lib/arm-ostl-linux-gnueabi/9.3.0 -L/opt/st/stm32mp1/3.1-snapshot/sysroots/cortexa7t2hf-neon-vfpv4-ostl-linux-gnueabi/usr/lib CMakeFiles/cmTC_962ec.dir/CMakeCCompilerABI.c.o -lgcc --push-state --as-needed -lgcc_s --pop-state -lc -lgcc --push-state --as-needed -lgcc_s --pop-state /opt/st/stm32mp1/3.1-snapshot/sysroots/cortexa7t2hf-neon-vfpv4-ostl-linux-gnueabi/usr/lib/arm-ostl-linux-gnueabi/9.3.0/crtend.o /opt/st/stm32mp1/3.1-snapshot/sysroots/cortexa7t2hf-neon-vfpv4-ostl-linux-gnueabi/usr/lib/crtn.o]
    arg [/opt/st/stm32mp1/3.1-snapshot/sysroots/x86_64-ostl_sdk-linux/usr/libexec/arm-ostl-linux-gnueabi/gcc/arm-ostl-linux-gnueabi/9.3.0/collect2] ==> ignore
    arg [-plugin] ==> ignore
    arg [/opt/st/stm32mp1/3.1-snapshot/sysroots/x86_64-ostl_sdk-linux/usr/libexec/arm-ostl-linux-gnueabi/gcc/arm-ostl-linux-gnueabi/9.3.0/liblto_plugin.so] ==> ignore
    arg [-plugin-opt=/opt/st/stm32mp1/3.1-snapshot/sysroots/x86_64-ostl_sdk-linux/usr/libexec/arm-ostl-linux-gnueabi/gcc/arm-ostl-linux-gnueabi/9.3.0/lto-wrapper] ==> ignore
    arg [-plugin-opt=-fresolution=/tmp/cc85ConA.res] ==> ignore
    arg [-plugin-opt=-pass-through=-lgcc] ==> ignore
    arg [-plugin-opt=-pass-through=-lgcc_s] ==> ignore
    arg [-plugin-opt=-pass-through=-lc] ==> ignore
    arg [-plugin-opt=-pass-through=-lgcc] ==> ignore
    arg [-plugin-opt=-pass-through=-lgcc_s] ==> ignore
    arg [--sysroot=/opt/st/stm32mp1/3.1-snapshot/sysroots/cortexa7t2hf-neon-vfpv4-ostl-linux-gnueabi] ==> ignore
    arg [--build-id] ==> ignore
    arg [--eh-frame-hdr] ==> ignore
    arg [--hash-style=gnu] ==> ignore
    arg [-export-dynamic] ==> ignore
    arg [-dynamic-linker] ==> ignore
    arg [/lib/ld-linux-armhf.so.3] ==> ignore
    arg [-X] ==> ignore
    arg [-m] ==> ignore
    arg [armelf_linux_eabi] ==> ignore
    arg [-o] ==> ignore
    arg [cmTC_962ec] ==> ignore
    arg [/opt/st/stm32mp1/3.1-snapshot/sysroots/cortexa7t2hf-neon-vfpv4-ostl-linux-gnueabi/usr/lib/crt1.o] ==> ignore
    arg [/opt/st/stm32mp1/3.1-snapshot/sysroots/cortexa7t2hf-neon-vfpv4-ostl-linux-gnueabi/usr/lib/crti.o] ==> ignore
    arg [/opt/st/stm32mp1/3.1-snapshot/sysroots/cortexa7t2hf-neon-vfpv4-ostl-linux-gnueabi/usr/lib/arm-ostl-linux-gnueabi/9.3.0/crtbegin.o] ==> ignore
    arg [-L/opt/st/stm32mp1/3.1-snapshot/sysroots/x86_64-ostl_sdk-linux/usr/lib/arm-ostl-linux-gnueabi/gcc/arm-ostl-linux-gnueabi/9.3.0] ==> dir [/opt/st/stm32mp1/3.1-snapshot/sysroots/x86_64-ostl_sdk-linux/usr/lib/arm-ostl-linux-gnueabi/gcc/arm-ostl-linux-gnueabi/9.3.0]
    arg [-L/opt/st/stm32mp1/3.1-snapshot/sysroots/cortexa7t2hf-neon-vfpv4-ostl-linux-gnueabi/lib] ==> dir [/opt/st/stm32mp1/3.1-snapshot/sysroots/cortexa7t2hf-neon-vfpv4-ostl-linux-gnueabi/lib]
    arg [-L/opt/st/stm32mp1/3.1-snapshot/sysroots/cortexa7t2hf-neon-vfpv4-ostl-linux-gnueabi/usr/lib/arm-ostl-linux-gnueabi/9.3.0] ==> dir [/opt/st/stm32mp1/3.1-snapshot/sysroots/cortexa7t2hf-neon-vfpv4-ostl-linux-gnueabi/usr/lib/arm-ostl-linux-gnueabi/9.3.0]
    arg [-L/opt/st/stm32mp1/3.1-snapshot/sysroots/cortexa7t2hf-neon-vfpv4-ostl-linux-gnueabi/usr/lib] ==> dir [/opt/st/stm32mp1/3.1-snapshot/sysroots/cortexa7t2hf-neon-vfpv4-ostl-linux-gnueabi/usr/lib]
    arg [CMakeFiles/cmTC_962ec.dir/CMakeCCompilerABI.c.o] ==> ignore
    arg [-lgcc] ==> lib [gcc]
    arg [--push-state] ==> ignore
    arg [--as-needed] ==> ignore
    arg [-lgcc_s] ==> lib [gcc_s]
    arg [--pop-state] ==> ignore
    arg [-lc] ==> lib [c]
    arg [-lgcc] ==> lib [gcc]
    arg [--push-state] ==> ignore
    arg [--as-needed] ==> ignore
    arg [-lgcc_s] ==> lib [gcc_s]
    arg [--pop-state] ==> ignore
    arg [/opt/st/stm32mp1/3.1-snapshot/sysroots/cortexa7t2hf-neon-vfpv4-ostl-linux-gnueabi/usr/lib/arm-ostl-linux-gnueabi/9.3.0/crtend.o] ==> ignore
    arg [/opt/st/stm32mp1/3.1-snapshot/sysroots/cortexa7t2hf-neon-vfpv4-ostl-linux-gnueabi/usr/lib/crtn.o] ==> ignore
  collapse library dir [/opt/st/stm32mp1/3.1-snapshot/sysroots/x86_64-ostl_sdk-linux/usr/lib/arm-ostl-linux-gnueabi/gcc/arm-ostl-linux-gnueabi/9.3.0] ==> [/opt/st/stm32mp1/3.1-snapshot/sysroots/x86_64-ostl_sdk-linux/usr/lib/arm-ostl-linux-gnueabi/gcc/arm-ostl-linux-gnueabi/9.3.0]
  collapse library dir [/opt/st/stm32mp1/3.1-snapshot/sysroots/cortexa7t2hf-neon-vfpv4-ostl-linux-gnueabi/lib] ==> [/opt/st/stm32mp1/3.1-snapshot/sysroots/cortexa7t2hf-neon-vfpv4-ostl-linux-gnueabi/lib]
  collapse library dir [/opt/st/stm32mp1/3.1-snapshot/sysroots/cortexa7t2hf-neon-vfpv4-ostl-linux-gnueabi/usr/lib/arm-ostl-linux-gnueabi/9.3.0] ==> [/opt/st/stm32mp1/3.1-snapshot/sysroots/cortexa7t2hf-neon-vfpv4-ostl-linux-gnueabi/usr/lib/arm-ostl-linux-gnueabi/9.3.0]
  collapse library dir [/opt/st/stm32mp1/3.1-snapshot/sysroots/cortexa7t2hf-neon-vfpv4-ostl-linux-gnueabi/usr/lib] ==> [/opt/st/stm32mp1/3.1-snapshot/sysroots/cortexa7t2hf-neon-vfpv4-ostl-linux-gnueabi/usr/lib]
  implicit libs: [gcc;gcc_s;c;gcc;gcc_s]
  implicit dirs: [/opt/st/stm32mp1/3.1-snapshot/sysroots/x86_64-ostl_sdk-linux/usr/lib/arm-ostl-linux-gnueabi/gcc/arm-ostl-linux-gnueabi/9.3.0;/opt/st/stm32mp1/3.1-snapshot/sysroots/cortexa7t2hf-neon-vfpv4-ostl-linux-gnueabi/lib;/opt/st/stm32mp1/3.1-snapshot/sysroots/cortexa7t2hf-neon-vfpv4-ostl-linux-gnueabi/usr/lib/arm-ostl-linux-gnueabi/9.3.0;/opt/st/stm32mp1/3.1-snapshot/sysroots/cortexa7t2hf-neon-vfpv4-ostl-linux-gnueabi/usr/lib]
  implicit fwks: []


